<?xml version="1.0" encoding="UTF-8"?>
<testng-results skipped="0" failed="0" ignored="0" total="1" passed="1">
  <reporter-output>
  </reporter-output>
  <suite name="Default suite" duration-ms="19685" started-at="2018-01-05T06:27:28Z" finished-at="2018-01-05T06:27:47Z">
    <groups>
    </groups>
    <test name="Default test" duration-ms="19685" started-at="2018-01-05T06:27:28Z" finished-at="2018-01-05T06:27:47Z">
      <class name="com.testng.execution.Runner">
        <test-method status="PASS" signature="register()[pri:0, instance:com.testng.execution.Runner@23faf8f2]" name="register" duration-ms="19653" started-at="2018-01-05T11:57:28Z" finished-at="2018-01-05T11:57:47Z">
          <reporter-output>
          </reporter-output>
        </test-method> <!-- register -->
      </class> <!-- com.testng.execution.Runner -->
    </test> <!-- Default test -->
  </suite> <!-- Default suite -->
</testng-results>
